
Circuit 1 cell sky130_fd_pr__nfet_01v8 and Circuit 2 cell sky130_fd_pr__nfet_01v8 are black boxes.
Warning: Equate pins:  cell sky130_fd_pr__nfet_01v8 is a placeholder, treated as a black box.
Warning: Equate pins:  cell sky130_fd_pr__nfet_01v8 is a placeholder, treated as a black box.

Subcircuit pins:
Circuit 1: sky130_fd_pr__nfet_01v8         |Circuit 2: sky130_fd_pr__nfet_01v8         
-------------------------------------------|-------------------------------------------
1                                          |1                                          
2                                          |2                                          
3                                          |3                                          
4                                          |4                                          
---------------------------------------------------------------------------------------
Cell pin lists are equivalent.
Device classes sky130_fd_pr__nfet_01v8 and sky130_fd_pr__nfet_01v8 are equivalent.

Circuit 1 cell sky130_fd_pr__pfet_01v8 and Circuit 2 cell sky130_fd_pr__pfet_01v8 are black boxes.
Warning: Equate pins:  cell sky130_fd_pr__pfet_01v8 is a placeholder, treated as a black box.
Warning: Equate pins:  cell sky130_fd_pr__pfet_01v8 is a placeholder, treated as a black box.

Subcircuit pins:
Circuit 1: sky130_fd_pr__pfet_01v8         |Circuit 2: sky130_fd_pr__pfet_01v8         
-------------------------------------------|-------------------------------------------
1                                          |1                                          
2                                          |2                                          
3                                          |3                                          
4                                          |4                                          
---------------------------------------------------------------------------------------
Cell pin lists are equivalent.
Device classes sky130_fd_pr__pfet_01v8 and sky130_fd_pr__pfet_01v8 are equivalent.
Flattening unmatched subcell sky130_fd_pr__nfet_01v8_SCE452 in circuit opamp_cascode (1)(8 instances)
Flattening unmatched subcell sky130_fd_pr__pfet_01v8_ZLZ7XS in circuit opamp_cascode (1)(19 instances)
Flattening unmatched subcell sky130_fd_pr__pfet_01v8_7DHACV in circuit opamp_cascode (1)(4 instances)
Flattening unmatched subcell sky130_fd_pr__nfet_01v8_MHE452 in circuit opamp_cascode (1)(2 instances)
Flattening unmatched subcell sky130_fd_pr__pfet_01v8_P2UXFR in circuit opamp_cascode (1)(4 instances)
Flattening unmatched subcell sky130_fd_pr__nfet_01v8_VT3ZQW in circuit opamp_cascode (1)(8 instances)
Flattening unmatched subcell sky130_fd_pr__pfet_01v8_RRUZAE in circuit opamp_cascode (1)(2 instances)
Flattening unmatched subcell sky130_fd_pr__pfet_01v8_F76D73 in circuit opamp_cascode (1)(10 instances)
Flattening unmatched subcell sky130_fd_pr__nfet_01v8_WK8VRD in circuit opamp_cascode (1)(2 instances)
Flattening unmatched subcell sky130_fd_pr__nfet_01v8_AH5E2K in circuit opamp_cascode (1)(8 instances)
Flattening unmatched subcell sky130_fd_pr__pfet_01v8_C2U9V5 in circuit opamp_cascode (1)(6 instances)
Flattening unmatched subcell sky130_fd_pr__nfet_01v8_QP5WRD in circuit opamp_cascode (1)(4 instances)
Flattening unmatched subcell sky130_fd_pr__pfet_01v8_UDM5A5 in circuit opamp_cascode (1)(4 instances)
Flattening unmatched subcell sky130_fd_pr__nfet_01v8_3ZAA45 in circuit opamp_cascode (1)(2 instances)
Flattening unmatched subcell sky130_fd_pr__pfet_01v8_SKU9VM in circuit opamp_cascode (1)(8 instances)
Flattening unmatched subcell sky130_fd_pr__pfet_01v8_E769TZ in circuit opamp_cascode (1)(2 instances)
Flattening unmatched subcell sky130_fd_pr__pfet_01v8_UDMRD5 in circuit opamp_cascode (1)(2 instances)
Flattening unmatched subcell sky130_fd_pr__pfet_01v8_RRU5GE in circuit opamp_cascode (1)(2 instances)
Flattening unmatched subcell sky130_fd_pr__pfet_01v8_SLZ774 in circuit opamp_cascode (1)(1 instance)

Class opamp_cascode (0):  Merged 79 parallel devices.
Class opamp_cascode (1):  Merged 1529 parallel devices.
Subcircuit summary:
Circuit 1: opamp_cascode                   |Circuit 2: opamp_cascode                   
-------------------------------------------|-------------------------------------------
sky130_fd_pr__pfet_01v8 (1416->11)         |sky130_fd_pr__pfet_01v8 (1416->11)         
sky130_fd_pr__nfet_01v8 (132->8)           |sky130_fd_pr__nfet_01v8 (132->8)           
Number of devices: 19                      |Number of devices: 19                      
Number of nets: 21                         |Number of nets: 21                         
---------------------------------------------------------------------------------------
Netlists match uniquely.

Subcircuit pins:
Circuit 1: opamp_cascode                   |Circuit 2: opamp_cascode                   
-------------------------------------------|-------------------------------------------
VSS                                        |VSS                                        
IN_M                                       |IN_M                                       
IN_P                                       |IN_P                                       
VB_B                                       |VB_B                                       
VB_A                                       |VB_A                                       
OUT                                        |OUT                                        
VCC                                        |VCC                                        
IB                                         |IB                                         
---------------------------------------------------------------------------------------
Cell pin lists are equivalent.
Device classes opamp_cascode and opamp_cascode are equivalent.

Final result: Circuits match uniquely.
.
